[debug] [2021-03-14T09:11:31.013Z] ----------------------------------------------------------------------
[debug] [2021-03-14T09:11:31.017Z] Command:       C:\Program Files\nodejs\node.exe C:\Users\jared\AppData\Roaming\npm\node_modules\firebase-tools\lib\bin\firebase.js init
[debug] [2021-03-14T09:11:31.017Z] CLI Version:   9.6.1
[debug] [2021-03-14T09:11:31.017Z] Platform:      win32
[debug] [2021-03-14T09:11:31.017Z] Node Version:  v12.16.3
[debug] [2021-03-14T09:11:31.020Z] Time:          Sun Mar 14 2021 17:11:31 GMT+0800 (Singapore Standard Time)
[debug] [2021-03-14T09:11:31.020Z] ----------------------------------------------------------------------
[debug] [2021-03-14T09:11:31.020Z] 
[debug] [2021-03-14T09:11:31.033Z] > command requires scopes: ["email","openid","https://www.googleapis.com/auth/cloudplatformprojects.readonly","https://www.googleapis.com/auth/firebase","https://www.googleapis.com/auth/cloud-platform"]
[debug] [2021-03-14T09:11:31.035Z] > authorizing via signed-in user
[info] 
     ######## #### ########  ######## ########     ###     ######  ########
     ##        ##  ##     ## ##       ##     ##  ##   ##  ##       ##
     ######    ##  ########  ######   ########  #########  ######  ######
     ##        ##  ##    ##  ##       ##     ## ##     ##       ## ##
     ##       #### ##     ## ######## ########  ##     ##  ######  ########

You're about to initialize a Firebase project in this directory:

  C:\Users\jared\My Cloud\Y2S2\BT3103\Week 7\bt3103-week-4

[info] 
=== Project Setup
[info] 
[info] First, let's associate this project directory with a Firebase project.
[info] You can create multiple project aliases by running firebase use --add, 
[info] but for now we'll just set up a default project.
[info] 
[debug] [2021-03-14T09:12:20.742Z] >>> [apiv2][query] GET https://firebase.googleapis.com/v1beta1/projects pageSize=100
[debug] [2021-03-14T09:12:21.181Z] <<< [apiv2][status] GET https://firebase.googleapis.com/v1beta1/projects 200
[debug] [2021-03-14T09:12:21.181Z] <<< [apiv2][body] GET https://firebase.googleapis.com/v1beta1/projects [omitted]
[info] i  Using project bt3103-week-6-19dc4 (bt3103-week-6) 
[info] 
=== Hosting Setup
[info] 
[info] Your public directory is the folder (relative to your project directory) that
[info] will contain Hosting assets to be uploaded with firebase deploy. If you
[info] have a build process for your assets, use your build's output directory.
[info] 
